[2019-11-01T16:52:50.912] [DEBUG] cheese - login => username:has,password:asdff
[2019-11-01T16:52:50.915] [DEBUG] cheese - has
[2019-11-01T16:52:51.023] [DEBUG] cheese - null
[2019-11-01T16:52:51.023] [DEBUG] cheese - null
[2019-11-01T16:53:04.414] [DEBUG] cheese - login => username:admin,password:123456
[2019-11-01T16:53:04.414] [DEBUG] cheese - admin
[2019-11-01T16:53:04.423] [DEBUG] cheese - null
[2019-11-01T16:53:04.423] [DEBUG] cheese - null
[2019-11-03T10:00:24.844] [DEBUG] cheese - login => username:asd,password:adsdaa
[2019-11-03T10:00:24.847] [DEBUG] cheese - asd
[2019-11-03T10:00:24.875] [DEBUG] cheese - null
[2019-11-03T10:00:24.875] [DEBUG] cheese - null
[2019-11-03T10:00:35.211] [DEBUG] cheese - login => username:admin,password:123456
[2019-11-03T10:00:35.211] [DEBUG] cheese - admin
[2019-11-03T10:00:35.218] [DEBUG] cheese - null
[2019-11-03T10:00:35.218] [DEBUG] cheese - null
[2019-11-03T10:06:12.176] [DEBUG] cheese - login => username:admin,password:123456
[2019-11-03T10:06:12.176] [DEBUG] cheese - admin
[2019-11-03T10:06:12.178] [DEBUG] cheese - null
[2019-11-03T10:06:12.178] [DEBUG] cheese - null
[2019-11-03T10:06:15.970] [DEBUG] cheese - login => username:admin,password:123456s
[2019-11-03T10:06:15.970] [DEBUG] cheese - admin
[2019-11-03T10:06:15.971] [DEBUG] cheese - null
[2019-11-03T10:06:15.971] [DEBUG] cheese - null
[2019-11-03T10:36:21.159] [DEBUG] cheese - login => username:admin,password:123456
[2019-11-03T10:36:21.160] [DEBUG] cheese - admin
[2019-11-03T10:36:21.161] [DEBUG] cheese - null
[2019-11-03T10:36:21.162] [DEBUG] cheese - null
[2019-11-03T11:19:30.832] [DEBUG] cheese - login => username:admin,password:123456
[2019-11-03T11:19:30.833] [DEBUG] cheese - admin
[2019-11-03T11:19:30.836] [DEBUG] cheese - null
[2019-11-03T11:19:30.836] [DEBUG] cheese - null
[2019-11-03T14:06:58.112] [DEBUG] cheese - login => username:admin,password:123456
[2019-11-03T14:06:58.112] [DEBUG] cheese - admin
[2019-11-03T14:06:58.118] [DEBUG] cheese - null
[2019-11-03T14:06:58.118] [DEBUG] cheese - null
[2019-11-03T15:16:23.019] [DEBUG] cheese - login => username:admin,password:123456
[2019-11-03T15:16:23.019] [DEBUG] cheese - admin
[2019-11-03T15:16:23.025] [DEBUG] cheese - null
[2019-11-03T15:16:23.026] [DEBUG] cheese - null
[2019-11-03T18:39:05.415] [DEBUG] cheese - login => username:admin,password:123456
[2019-11-03T18:39:05.415] [DEBUG] cheese - admin
[2019-11-03T18:39:05.420] [DEBUG] cheese - null
[2019-11-03T18:39:05.420] [DEBUG] cheese - null
[2019-11-03T18:42:59.268] [DEBUG] cheese - login => username:admin,password:123456
[2019-11-03T18:42:59.268] [DEBUG] cheese - admin
[2019-11-03T18:42:59.270] [DEBUG] cheese - null
[2019-11-03T18:42:59.270] [DEBUG] cheese - null
[2019-11-03T19:34:58.506] [DEBUG] cheese - login => username:admin,password:123456
[2019-11-03T19:34:58.507] [DEBUG] cheese - admin
[2019-11-03T19:34:58.514] [DEBUG] cheese - null
[2019-11-03T19:34:58.515] [DEBUG] cheese - null
[2019-11-03T19:37:59.798] [DEBUG] cheese - login => username:admin,password:123456
[2019-11-03T19:37:59.798] [DEBUG] cheese - admin
[2019-11-03T19:37:59.807] [DEBUG] cheese - null
[2019-11-03T19:37:59.807] [DEBUG] cheese - null
[2019-11-03T19:41:47.449] [DEBUG] cheese - login => username:admin,password:123456
[2019-11-03T19:41:47.449] [DEBUG] cheese - admin
[2019-11-03T19:41:47.451] [DEBUG] cheese - null
[2019-11-03T19:41:47.451] [DEBUG] cheese - null
